<?xml version="1.0" encoding="UTF-8"?>
<!-- Generated by org.testng.reporters.JUnitReportReporter -->
<testsuite skipped="0" hostname="HAKIMI" name="testCases.DeleteAProduct" tests="2" failures="0" timestamp="29 Mar 2022 00:19:18 GMT" time="2.326" errors="0">
  <testcase name="deleteAProduct" time="1.600" classname="testCases.DeleteAProduct"/>
  <testcase name="readOneProduct" time="0.726" classname="testCases.DeleteAProduct"/>
</testsuite> <!-- testCases.DeleteAProduct -->
