<?xml version="1.0" encoding="UTF-8"?>
<!-- Generated by org.testng.reporters.JUnitReportReporter -->
<testsuite skipped="0" hostname="HAKIMI" name="testCases.CreateAProduct" tests="1" failures="0" timestamp="26 Mar 2022 21:45:32 GMT" time="1.636" errors="0">
  <testcase name="CreateAProduct" time="1.636" classname="testCases.CreateAProduct"/>
</testsuite> <!-- testCases.CreateAProduct -->
