<?xml version="1.0" encoding="UTF-8"?>
<!-- Generated by org.testng.reporters.JUnitReportReporter -->
<testsuite skipped="0" hostname="HAKIMI" name="testCases.ReadAllProducts" tests="1" failures="0" timestamp="28 Mar 2022 23:30:49 GMT" time="1.483" errors="0">
  <testcase name="readAllProducts" time="1.483" classname="testCases.ReadAllProducts"/>
</testsuite> <!-- testCases.ReadAllProducts -->
