<?xml version="1.0" encoding="UTF-8"?>
<!-- Generated by org.testng.reporters.JUnitReportReporter -->
<testsuite skipped="0" hostname="HAKIMI" name="testCases.UpdateAProduct" tests="2" failures="0" timestamp="28 Mar 2022 23:49:51 GMT" time="2.201" errors="0">
  <testcase name="updateAProduct" time="1.550" classname="testCases.UpdateAProduct"/>
  <testcase name="readOneProduct" time="0.651" classname="testCases.UpdateAProduct"/>
</testsuite> <!-- testCases.UpdateAProduct -->
